This file contains any messages produced by compilers while
running configure, to aid debugging if configure makes a mistake.

It was created by openbts-public configure TRUNK, which was
generated by GNU Autoconf 2.69.  Invocation command line was

  $ ./configure 

## --------- ##
## Platform. ##
## --------- ##

hostname = cubic
uname -m = x86_64
uname -r = 5.4.0-42-generic
uname -s = Linux
uname -v = #46~18.04.1-Ubuntu SMP Fri Jul 10 07:21:24 UTC 2020

/usr/bin/uname -p = unknown
/bin/uname -X     = unknown

/bin/arch              = unknown
/usr/bin/arch -k       = unknown
/usr/convex/getsysinfo = unknown
/usr/bin/hostinfo      = unknown
/bin/machine           = unknown
/usr/bin/oslevel       = unknown
/bin/universe          = unknown

PATH: /usr/local/sbin
PATH: /usr/local/bin
PATH: /usr/sbin
PATH: /usr/bin
PATH: /sbin
PATH: /bin
PATH: /snap/bin
PATH: /root/gnuarm/install/bin


## ----------- ##
## Core tests. ##
## ----------- ##

configure:2516: checking build system type
configure:2530: result: x86_64-pc-linux-gnu
configure:2550: checking host system type
configure:2563: result: x86_64-pc-linux-gnu
configure:2583: checking target system type
configure:2596: result: x86_64-pc-linux-gnu
configure:2639: checking for a BSD-compatible install
configure:2707: result: /usr/bin/install -c
configure:2718: checking whether build environment is sane
configure:2773: result: yes
configure:2924: checking for a thread-safe mkdir -p
configure:2963: result: /bin/mkdir -p
configure:2970: checking for gawk
configure:3000: result: no
configure:2970: checking for mawk
configure:2986: found /usr/bin/mawk
configure:2997: result: mawk
configure:3008: checking whether make sets $(MAKE)
configure:3030: result: yes
configure:3059: checking whether make supports nested variables
configure:3076: result: yes
configure:3215: checking for style of include used by make
configure:3243: result: GNU
configure:3314: checking for gcc
configure:3330: found /usr/bin/gcc
configure:3341: result: gcc
configure:3570: checking for C compiler version
configure:3579: gcc --version >&5
gcc (Ubuntu 4.9.3-13ubuntu2) 4.9.3
Copyright (C) 2015 Free Software Foundation, Inc.
This is free software; see the source for copying conditions.  There is NO
warranty; not even for MERCHANTABILITY or FITNESS FOR A PARTICULAR PURPOSE.

configure:3590: $? = 0
configure:3579: gcc -v >&5
Using built-in specs.
COLLECT_GCC=gcc
COLLECT_LTO_WRAPPER=/usr/lib/gcc/x86_64-linux-gnu/4.9/lto-wrapper
Target: x86_64-linux-gnu
Configured with: ../src/configure -v --with-pkgversion='Ubuntu 4.9.3-13ubuntu2' --with-bugurl=file:///usr/share/doc/gcc-4.9/README.Bugs --enable-languages=c,c++,java,go,d,fortran,objc,obj-c++ --prefix=/usr --program-suffix=-4.9 --enable-shared --enable-linker-build-id --libexecdir=/usr/lib --without-included-gettext --enable-threads=posix --with-gxx-include-dir=/usr/include/c++/4.9 --libdir=/usr/lib --enable-nls --with-sysroot=/ --enable-clocale=gnu --enable-libstdcxx-debug --enable-libstdcxx-time=yes --enable-gnu-unique-object --disable-vtable-verify --enable-plugin --with-system-zlib --disable-browser-plugin --enable-java-awt=gtk --enable-gtk-cairo --with-java-home=/usr/lib/jvm/java-1.5.0-gcj-4.9-amd64/jre --enable-java-home --with-jvm-root-dir=/usr/lib/jvm/java-1.5.0-gcj-4.9-amd64 --with-jvm-jar-dir=/usr/lib/jvm-exports/java-1.5.0-gcj-4.9-amd64 --with-arch-directory=amd64 --with-ecj-jar=/usr/share/java/eclipse-ecj.jar --enable-objc-gc --enable-multiarch --disable-werror --with-arch-32=i686 --with-abi=m64 --with-multilib-list=m32,m64,mx32 --enable-multilib --with-tune=generic --enable-checking=release --build=x86_64-linux-gnu --host=x86_64-linux-gnu --target=x86_64-linux-gnu
Thread model: posix
gcc version 4.9.3 (Ubuntu 4.9.3-13ubuntu2) 
configure:3590: $? = 0
configure:3579: gcc -V >&5
gcc: error: unrecognized command line option '-V'
gcc: fatal error: no input files
compilation terminated.
configure:3590: $? = 4
configure:3579: gcc -qversion >&5
gcc: error: unrecognized command line option '-qversion'
gcc: fatal error: no input files
compilation terminated.
configure:3590: $? = 4
configure:3610: checking whether the C compiler works
configure:3632: gcc    conftest.c  >&5
configure:3636: $? = 0
configure:3684: result: yes
configure:3687: checking for C compiler default output file name
configure:3689: result: a.out
configure:3695: checking for suffix of executables
configure:3702: gcc -o conftest    conftest.c  >&5
configure:3706: $? = 0
configure:3728: result: 
configure:3750: checking whether we are cross compiling
configure:3758: gcc -o conftest    conftest.c  >&5
configure:3762: $? = 0
configure:3769: ./conftest
configure:3773: $? = 0
configure:3788: result: no
configure:3793: checking for suffix of object files
configure:3815: gcc -c   conftest.c >&5
configure:3819: $? = 0
configure:3840: result: o
configure:3844: checking whether we are using the GNU C compiler
configure:3863: gcc -c   conftest.c >&5
configure:3863: $? = 0
configure:3872: result: yes
configure:3881: checking whether gcc accepts -g
configure:3901: gcc -c -g  conftest.c >&5
configure:3901: $? = 0
configure:3942: result: yes
configure:3959: checking for gcc option to accept ISO C89
configure:4022: gcc  -c -g -O2  conftest.c >&5
configure:4022: $? = 0
configure:4035: result: none needed
configure:4060: checking whether gcc understands -c and -o together
configure:4082: gcc -c conftest.c -o conftest2.o
configure:4085: $? = 0
configure:4082: gcc -c conftest.c -o conftest2.o
configure:4085: $? = 0
configure:4097: result: yes
configure:4116: checking dependency style of gcc
configure:4227: result: gcc3
configure:4251: checking dependency style of gcc
configure:4360: result: gcc3
configure:4433: checking for g++
configure:4449: found /usr/bin/g++
configure:4460: result: g++
configure:4487: checking for C++ compiler version
configure:4496: g++ --version >&5
g++ (Ubuntu 4.9.3-13ubuntu2) 4.9.3
Copyright (C) 2015 Free Software Foundation, Inc.
This is free software; see the source for copying conditions.  There is NO
warranty; not even for MERCHANTABILITY or FITNESS FOR A PARTICULAR PURPOSE.

configure:4507: $? = 0
configure:4496: g++ -v >&5
Using built-in specs.
COLLECT_GCC=g++
COLLECT_LTO_WRAPPER=/usr/lib/gcc/x86_64-linux-gnu/4.9/lto-wrapper
Target: x86_64-linux-gnu
Configured with: ../src/configure -v --with-pkgversion='Ubuntu 4.9.3-13ubuntu2' --with-bugurl=file:///usr/share/doc/gcc-4.9/README.Bugs --enable-languages=c,c++,java,go,d,fortran,objc,obj-c++ --prefix=/usr --program-suffix=-4.9 --enable-shared --enable-linker-build-id --libexecdir=/usr/lib --without-included-gettext --enable-threads=posix --with-gxx-include-dir=/usr/include/c++/4.9 --libdir=/usr/lib --enable-nls --with-sysroot=/ --enable-clocale=gnu --enable-libstdcxx-debug --enable-libstdcxx-time=yes --enable-gnu-unique-object --disable-vtable-verify --enable-plugin --with-system-zlib --disable-browser-plugin --enable-java-awt=gtk --enable-gtk-cairo --with-java-home=/usr/lib/jvm/java-1.5.0-gcj-4.9-amd64/jre --enable-java-home --with-jvm-root-dir=/usr/lib/jvm/java-1.5.0-gcj-4.9-amd64 --with-jvm-jar-dir=/usr/lib/jvm-exports/java-1.5.0-gcj-4.9-amd64 --with-arch-directory=amd64 --with-ecj-jar=/usr/share/java/eclipse-ecj.jar --enable-objc-gc --enable-multiarch --disable-werror --with-arch-32=i686 --with-abi=m64 --with-multilib-list=m32,m64,mx32 --enable-multilib --with-tune=generic --enable-checking=release --build=x86_64-linux-gnu --host=x86_64-linux-gnu --target=x86_64-linux-gnu
Thread model: posix
gcc version 4.9.3 (Ubuntu 4.9.3-13ubuntu2) 
configure:4507: $? = 0
configure:4496: g++ -V >&5
g++: error: unrecognized command line option '-V'
g++: fatal error: no input files
compilation terminated.
configure:4507: $? = 4
configure:4496: g++ -qversion >&5
g++: error: unrecognized command line option '-qversion'
g++: fatal error: no input files
compilation terminated.
configure:4507: $? = 4
configure:4511: checking whether we are using the GNU C++ compiler
configure:4530: g++ -c   conftest.cpp >&5
configure:4530: $? = 0
configure:4539: result: yes
configure:4548: checking whether g++ accepts -g
configure:4568: g++ -c -g  conftest.cpp >&5
configure:4568: $? = 0
configure:4609: result: yes
configure:4634: checking dependency style of g++
configure:4745: result: gcc3
configure:4760: checking whether ln -s works
configure:4764: result: yes
configure:4771: checking whether make sets $(MAKE)
configure:4793: result: yes
configure:4805: checking for rm
configure:4823: found /bin/rm
configure:4835: result: /bin/rm
configure:5253: checking how to print strings
configure:5280: result: printf
configure:5301: checking for a sed that does not truncate output
configure:5365: result: /bin/sed
configure:5383: checking for grep that handles long lines and -e
configure:5441: result: /bin/grep
configure:5446: checking for egrep
configure:5508: result: /bin/grep -E
configure:5513: checking for fgrep
configure:5575: result: /bin/grep -F
configure:5610: checking for ld used by gcc
configure:5677: result: /usr/bin/ld
configure:5684: checking if the linker (/usr/bin/ld) is GNU ld
configure:5699: result: yes
configure:5711: checking for BSD- or MS-compatible name lister (nm)
configure:5765: result: /usr/bin/nm -B
configure:5895: checking the name lister (/usr/bin/nm -B) interface
configure:5902: gcc -c -g -O2  conftest.c >&5
configure:5905: /usr/bin/nm -B "conftest.o"
configure:5908: output
0000000000000000 B some_variable
configure:5915: result: BSD nm
configure:5919: checking the maximum length of command line arguments
configure:6050: result: 1572864
configure:6098: checking how to convert x86_64-pc-linux-gnu file names to x86_64-pc-linux-gnu format
configure:6138: result: func_convert_file_noop
configure:6145: checking how to convert x86_64-pc-linux-gnu file names to toolchain format
configure:6165: result: func_convert_file_noop
configure:6172: checking for /usr/bin/ld option to reload object files
configure:6179: result: -r
configure:6253: checking for objdump
configure:6280: result: objdump
configure:6309: checking how to recognize dependent libraries
configure:6509: result: pass_all
configure:6594: checking for dlltool
configure:6621: result: dlltool
configure:6651: checking how to associate runtime and link libraries
configure:6678: result: printf %s\n
configure:6739: checking for ar
configure:6755: found /usr/bin/ar
configure:6766: result: ar
configure:6803: checking for archiver @FILE support
configure:6820: gcc -c -g -O2  conftest.c >&5
configure:6820: $? = 0
configure:6823: ar cru libconftest.a @conftest.lst >&5
ar: `u' modifier ignored since `D' is the default (see `U')
configure:6826: $? = 0
configure:6831: ar cru libconftest.a @conftest.lst >&5
ar: `u' modifier ignored since `D' is the default (see `U')
ar: conftest.o: No such file or directory
configure:6834: $? = 1
configure:6846: result: @
configure:6904: checking for strip
configure:6920: found /usr/bin/strip
configure:6931: result: strip
configure:7003: checking for ranlib
configure:7019: found /usr/bin/ranlib
configure:7030: result: ranlib
configure:7132: checking command to parse /usr/bin/nm -B output from gcc object
configure:7285: gcc -c -g -O2  conftest.c >&5
configure:7288: $? = 0
configure:7292: /usr/bin/nm -B conftest.o \| sed -n -e 's/^.*[ ]\([ABCDGIRSTW][ABCDGIRSTW]*\)[ ][ ]*\([_A-Za-z][_A-Za-z0-9]*\)$/\1 \2 \2/p' | sed '/ __gnu_lto/d' \> conftest.nm
configure:7295: $? = 0
configure:7361: gcc -o conftest -g -O2   conftest.c conftstm.o >&5
configure:7364: $? = 0
configure:7402: result: ok
configure:7449: checking for sysroot
configure:7479: result: no
configure:7486: checking for a working dd
configure:7524: result: /bin/dd
configure:7528: checking how to truncate binary pipes
configure:7543: result: /bin/dd bs=4096 count=1
configure:7679: gcc -c -g -O2  conftest.c >&5
configure:7682: $? = 0
configure:7872: checking for mt
configure:7888: found /bin/mt
configure:7899: result: mt
configure:7922: checking if mt is a manifest tool
configure:7928: mt '-?'
configure:7936: result: no
configure:8613: checking how to run the C preprocessor
configure:8644: gcc -E  conftest.c
configure:8644: $? = 0
configure:8658: gcc -E  conftest.c
conftest.c:11:28: fatal error: ac_nonexistent.h: No such file or directory
 #include <ac_nonexistent.h>
                            ^
compilation terminated.
configure:8658: $? = 1
configure: failed program was:
| /* confdefs.h */
| #define PACKAGE_NAME "openbts-public"
| #define PACKAGE_TARNAME "openbts-public"
| #define PACKAGE_VERSION "TRUNK"
| #define PACKAGE_STRING "openbts-public TRUNK"
| #define PACKAGE_BUGREPORT ""
| #define PACKAGE_URL ""
| #define PACKAGE "openbts-public"
| #define VERSION "TRUNK"
| /* end confdefs.h.  */
| #include <ac_nonexistent.h>
configure:8683: result: gcc -E
configure:8703: gcc -E  conftest.c
configure:8703: $? = 0
configure:8717: gcc -E  conftest.c
conftest.c:11:28: fatal error: ac_nonexistent.h: No such file or directory
 #include <ac_nonexistent.h>
                            ^
compilation terminated.
configure:8717: $? = 1
configure: failed program was:
| /* confdefs.h */
| #define PACKAGE_NAME "openbts-public"
| #define PACKAGE_TARNAME "openbts-public"
| #define PACKAGE_VERSION "TRUNK"
| #define PACKAGE_STRING "openbts-public TRUNK"
| #define PACKAGE_BUGREPORT ""
| #define PACKAGE_URL ""
| #define PACKAGE "openbts-public"
| #define VERSION "TRUNK"
| /* end confdefs.h.  */
| #include <ac_nonexistent.h>
configure:8746: checking for ANSI C header files
configure:8766: gcc -c -g -O2  conftest.c >&5
configure:8766: $? = 0
configure:8839: gcc -o conftest -g -O2   conftest.c  >&5
configure:8839: $? = 0
configure:8839: ./conftest
configure:8839: $? = 0
configure:8850: result: yes
configure:8863: checking for sys/types.h
configure:8863: gcc -c -g -O2  conftest.c >&5
configure:8863: $? = 0
configure:8863: result: yes
configure:8863: checking for sys/stat.h
configure:8863: gcc -c -g -O2  conftest.c >&5
configure:8863: $? = 0
configure:8863: result: yes
configure:8863: checking for stdlib.h
configure:8863: gcc -c -g -O2  conftest.c >&5
configure:8863: $? = 0
configure:8863: result: yes
configure:8863: checking for string.h
configure:8863: gcc -c -g -O2  conftest.c >&5
configure:8863: $? = 0
configure:8863: result: yes
configure:8863: checking for memory.h
configure:8863: gcc -c -g -O2  conftest.c >&5
configure:8863: $? = 0
configure:8863: result: yes
configure:8863: checking for strings.h
configure:8863: gcc -c -g -O2  conftest.c >&5
configure:8863: $? = 0
configure:8863: result: yes
configure:8863: checking for inttypes.h
configure:8863: gcc -c -g -O2  conftest.c >&5
configure:8863: $? = 0
configure:8863: result: yes
configure:8863: checking for stdint.h
configure:8863: gcc -c -g -O2  conftest.c >&5
configure:8863: $? = 0
configure:8863: result: yes
configure:8863: checking for unistd.h
configure:8863: gcc -c -g -O2  conftest.c >&5
configure:8863: $? = 0
configure:8863: result: yes
configure:8877: checking for dlfcn.h
configure:8877: gcc -c -g -O2  conftest.c >&5
configure:8877: $? = 0
configure:8877: result: yes
configure:9082: checking for objdir
configure:9097: result: .libs
configure:9361: checking if gcc supports -fno-rtti -fno-exceptions
configure:9379: gcc -c -g -O2  -fno-rtti -fno-exceptions conftest.c >&5
cc1: warning: command line option '-fno-rtti' is valid for C++/ObjC++ but not for C
configure:9383: $? = 0
configure:9396: result: no
configure:9754: checking for gcc option to produce PIC
configure:9761: result: -fPIC -DPIC
configure:9769: checking if gcc PIC flag -fPIC -DPIC works
configure:9787: gcc -c -g -O2  -fPIC -DPIC -DPIC conftest.c >&5
configure:9791: $? = 0
configure:9804: result: yes
configure:9833: checking if gcc static flag -static works
configure:9861: result: yes
configure:9876: checking if gcc supports -c -o file.o
configure:9897: gcc -c -g -O2  -o out/conftest2.o conftest.c >&5
configure:9901: $? = 0
configure:9923: result: yes
configure:9931: checking if gcc supports -c -o file.o
configure:9978: result: yes
configure:10011: checking whether the gcc linker (/usr/bin/ld -m elf_x86_64) supports shared libraries
configure:11274: result: yes
configure:11311: checking whether -lc should be explicitly linked in
configure:11319: gcc -c -g -O2  conftest.c >&5
configure:11322: $? = 0
configure:11337: gcc -shared  -fPIC -DPIC conftest.o  -v -Wl,-soname -Wl,conftest -o conftest 2\>\&1 \| /bin/grep  -lc  \>/dev/null 2\>\&1
configure:11340: $? = 0
configure:11354: result: no
configure:11514: checking dynamic linker characteristics
configure:12095: gcc -o conftest -g -O2   -Wl,-rpath -Wl,/foo conftest.c  >&5
configure:12095: $? = 0
configure:12344: result: GNU/Linux ld.so
configure:12466: checking how to hardcode library paths into programs
configure:12491: result: immediate
configure:13039: checking whether stripping libraries is possible
configure:13044: result: yes
configure:13079: checking if libtool supports shared libraries
configure:13081: result: yes
configure:13084: checking whether to build shared libraries
configure:13109: result: yes
configure:13112: checking whether to build static libraries
configure:13116: result: no
configure:13139: checking how to run the C++ preprocessor
configure:13166: g++ -E  conftest.cpp
configure:13166: $? = 0
configure:13180: g++ -E  conftest.cpp
conftest.cpp:23:28: fatal error: ac_nonexistent.h: No such file or directory
 #include <ac_nonexistent.h>
                            ^
compilation terminated.
configure:13180: $? = 1
configure: failed program was:
| /* confdefs.h */
| #define PACKAGE_NAME "openbts-public"
| #define PACKAGE_TARNAME "openbts-public"
| #define PACKAGE_VERSION "TRUNK"
| #define PACKAGE_STRING "openbts-public TRUNK"
| #define PACKAGE_BUGREPORT ""
| #define PACKAGE_URL ""
| #define PACKAGE "openbts-public"
| #define VERSION "TRUNK"
| #define STDC_HEADERS 1
| #define HAVE_SYS_TYPES_H 1
| #define HAVE_SYS_STAT_H 1
| #define HAVE_STDLIB_H 1
| #define HAVE_STRING_H 1
| #define HAVE_MEMORY_H 1
| #define HAVE_STRINGS_H 1
| #define HAVE_INTTYPES_H 1
| #define HAVE_STDINT_H 1
| #define HAVE_UNISTD_H 1
| #define HAVE_DLFCN_H 1
| #define LT_OBJDIR ".libs/"
| /* end confdefs.h.  */
| #include <ac_nonexistent.h>
configure:13205: result: g++ -E
configure:13225: g++ -E  conftest.cpp
configure:13225: $? = 0
configure:13239: g++ -E  conftest.cpp
conftest.cpp:23:28: fatal error: ac_nonexistent.h: No such file or directory
 #include <ac_nonexistent.h>
                            ^
compilation terminated.
configure:13239: $? = 1
configure: failed program was:
| /* confdefs.h */
| #define PACKAGE_NAME "openbts-public"
| #define PACKAGE_TARNAME "openbts-public"
| #define PACKAGE_VERSION "TRUNK"
| #define PACKAGE_STRING "openbts-public TRUNK"
| #define PACKAGE_BUGREPORT ""
| #define PACKAGE_URL ""
| #define PACKAGE "openbts-public"
| #define VERSION "TRUNK"
| #define STDC_HEADERS 1
| #define HAVE_SYS_TYPES_H 1
| #define HAVE_SYS_STAT_H 1
| #define HAVE_STDLIB_H 1
| #define HAVE_STRING_H 1
| #define HAVE_MEMORY_H 1
| #define HAVE_STRINGS_H 1
| #define HAVE_INTTYPES_H 1
| #define HAVE_STDINT_H 1
| #define HAVE_UNISTD_H 1
| #define HAVE_DLFCN_H 1
| #define LT_OBJDIR ".libs/"
| /* end confdefs.h.  */
| #include <ac_nonexistent.h>
configure:13401: checking for ld used by g++
configure:13468: result: /usr/bin/ld -m elf_x86_64
configure:13475: checking if the linker (/usr/bin/ld -m elf_x86_64) is GNU ld
configure:13490: result: yes
configure:13545: checking whether the g++ linker (/usr/bin/ld -m elf_x86_64) supports shared libraries
configure:14618: result: yes
configure:14654: g++ -c -g -O2  conftest.cpp >&5
configure:14657: $? = 0
configure:15138: checking for g++ option to produce PIC
configure:15145: result: -fPIC -DPIC
configure:15153: checking if g++ PIC flag -fPIC -DPIC works
configure:15171: g++ -c -g -O2  -fPIC -DPIC -DPIC conftest.cpp >&5
configure:15175: $? = 0
configure:15188: result: yes
configure:15211: checking if g++ static flag -static works
configure:15239: result: yes
configure:15251: checking if g++ supports -c -o file.o
configure:15272: g++ -c -g -O2  -o out/conftest2.o conftest.cpp >&5
configure:15276: $? = 0
configure:15298: result: yes
configure:15303: checking if g++ supports -c -o file.o
configure:15350: result: yes
configure:15380: checking whether the g++ linker (/usr/bin/ld -m elf_x86_64) supports shared libraries
configure:15423: result: yes
configure:15564: checking dynamic linker characteristics
configure:16321: result: GNU/Linux ld.so
configure:16386: checking how to hardcode library paths into programs
configure:16411: result: immediate
configure:16473: checking for ANSI C header files
configure:16577: result: yes
configure:16587: checking byteswap.h usability
configure:16587: gcc -c -g -O2  conftest.c >&5
configure:16587: $? = 0
configure:16587: result: yes
configure:16587: checking byteswap.h presence
configure:16587: gcc -E  conftest.c
configure:16587: $? = 0
configure:16587: result: yes
configure:16587: checking for byteswap.h
configure:16587: result: yes
configure:16598: checking for an ANSI C-conforming const
configure:16664: gcc -c -g -O2  conftest.c >&5
configure:16664: $? = 0
configure:16671: result: yes
configure:16679: checking for inline
configure:16695: gcc -c -g -O2  conftest.c >&5
configure:16695: $? = 0
configure:16703: result: inline
configure:16721: checking for size_t
configure:16721: gcc -c -g -O2  conftest.c >&5
configure:16721: $? = 0
configure:16721: gcc -c -g -O2  conftest.c >&5
conftest.c: In function 'main':
conftest.c:61:21: error: expected expression before ')' token
 if (sizeof ((size_t)))
                     ^
configure:16721: $? = 1
configure: failed program was:
| /* confdefs.h */
| #define PACKAGE_NAME "openbts-public"
| #define PACKAGE_TARNAME "openbts-public"
| #define PACKAGE_VERSION "TRUNK"
| #define PACKAGE_STRING "openbts-public TRUNK"
| #define PACKAGE_BUGREPORT ""
| #define PACKAGE_URL ""
| #define PACKAGE "openbts-public"
| #define VERSION "TRUNK"
| #define STDC_HEADERS 1
| #define HAVE_SYS_TYPES_H 1
| #define HAVE_SYS_STAT_H 1
| #define HAVE_STDLIB_H 1
| #define HAVE_STRING_H 1
| #define HAVE_MEMORY_H 1
| #define HAVE_STRINGS_H 1
| #define HAVE_INTTYPES_H 1
| #define HAVE_STDINT_H 1
| #define HAVE_UNISTD_H 1
| #define HAVE_DLFCN_H 1
| #define LT_OBJDIR ".libs/"
| #define STDC_HEADERS 1
| #define HAVE_BYTESWAP_H 1
| /* end confdefs.h.  */
| #include <stdio.h>
| #ifdef HAVE_SYS_TYPES_H
| # include <sys/types.h>
| #endif
| #ifdef HAVE_SYS_STAT_H
| # include <sys/stat.h>
| #endif
| #ifdef STDC_HEADERS
| # include <stdlib.h>
| # include <stddef.h>
| #else
| # ifdef HAVE_STDLIB_H
| #  include <stdlib.h>
| # endif
| #endif
| #ifdef HAVE_STRING_H
| # if !defined STDC_HEADERS && defined HAVE_MEMORY_H
| #  include <memory.h>
| # endif
| # include <string.h>
| #endif
| #ifdef HAVE_STRINGS_H
| # include <strings.h>
| #endif
| #ifdef HAVE_INTTYPES_H
| # include <inttypes.h>
| #endif
| #ifdef HAVE_STDINT_H
| # include <stdint.h>
| #endif
| #ifdef HAVE_UNISTD_H
| # include <unistd.h>
| #endif
| int
| main ()
| {
| if (sizeof ((size_t)))
| 	    return 0;
|   ;
|   return 0;
| }
configure:16721: result: yes
configure:16732: checking whether time.h and sys/time.h may both be included
configure:16752: gcc -c -g -O2  conftest.c >&5
configure:16752: $? = 0
configure:16759: result: yes
configure:16767: checking whether byte ordering is bigendian
configure:16782: gcc -c -g -O2  conftest.c >&5
conftest.c:27:9: error: unknown type name 'not'
         not a universal capable compiler
         ^
conftest.c:27:15: error: expected '=', ',', ';', 'asm' or '__attribute__' before 'universal'
         not a universal capable compiler
               ^
conftest.c:27:15: error: unknown type name 'universal'
configure:16782: $? = 1
configure: failed program was:
| /* confdefs.h */
| #define PACKAGE_NAME "openbts-public"
| #define PACKAGE_TARNAME "openbts-public"
| #define PACKAGE_VERSION "TRUNK"
| #define PACKAGE_STRING "openbts-public TRUNK"
| #define PACKAGE_BUGREPORT ""
| #define PACKAGE_URL ""
| #define PACKAGE "openbts-public"
| #define VERSION "TRUNK"
| #define STDC_HEADERS 1
| #define HAVE_SYS_TYPES_H 1
| #define HAVE_SYS_STAT_H 1
| #define HAVE_STDLIB_H 1
| #define HAVE_STRING_H 1
| #define HAVE_MEMORY_H 1
| #define HAVE_STRINGS_H 1
| #define HAVE_INTTYPES_H 1
| #define HAVE_STDINT_H 1
| #define HAVE_UNISTD_H 1
| #define HAVE_DLFCN_H 1
| #define LT_OBJDIR ".libs/"
| #define STDC_HEADERS 1
| #define HAVE_BYTESWAP_H 1
| #define TIME_WITH_SYS_TIME 1
| /* end confdefs.h.  */
| #ifndef __APPLE_CC__
| 	       not a universal capable compiler
| 	     #endif
| 	     typedef int dummy;
| 
configure:16827: gcc -c -g -O2  conftest.c >&5
configure:16827: $? = 0
configure:16845: gcc -c -g -O2  conftest.c >&5
conftest.c: In function 'main':
conftest.c:33:4: error: unknown type name 'not'
    not big endian
    ^
conftest.c:33:12: error: expected '=', ',', ';', 'asm' or '__attribute__' before 'endian'
    not big endian
            ^
configure:16845: $? = 1
configure: failed program was:
| /* confdefs.h */
| #define PACKAGE_NAME "openbts-public"
| #define PACKAGE_TARNAME "openbts-public"
| #define PACKAGE_VERSION "TRUNK"
| #define PACKAGE_STRING "openbts-public TRUNK"
| #define PACKAGE_BUGREPORT ""
| #define PACKAGE_URL ""
| #define PACKAGE "openbts-public"
| #define VERSION "TRUNK"
| #define STDC_HEADERS 1
| #define HAVE_SYS_TYPES_H 1
| #define HAVE_SYS_STAT_H 1
| #define HAVE_STDLIB_H 1
| #define HAVE_STRING_H 1
| #define HAVE_MEMORY_H 1
| #define HAVE_STRINGS_H 1
| #define HAVE_INTTYPES_H 1
| #define HAVE_STDINT_H 1
| #define HAVE_UNISTD_H 1
| #define HAVE_DLFCN_H 1
| #define LT_OBJDIR ".libs/"
| #define STDC_HEADERS 1
| #define HAVE_BYTESWAP_H 1
| #define TIME_WITH_SYS_TIME 1
| /* end confdefs.h.  */
| #include <sys/types.h>
| 		#include <sys/param.h>
| 
| int
| main ()
| {
| #if BYTE_ORDER != BIG_ENDIAN
| 		 not big endian
| 		#endif
| 
|   ;
|   return 0;
| }
configure:16973: result: no
configure:17062: checking for pkg-config
configure:17080: found /usr/bin/pkg-config
configure:17092: result: /usr/bin/pkg-config
configure:17117: checking pkg-config is at least version 0.18
configure:17120: result: yes
configure:17136: checking for x86 cpuid  output
configure:17165: gcc -o conftest -g -O2   conftest.c  >&5
conftest.c: In function 'main':
conftest.c:31:15: error: expected expression before ',' token
      int op = , eax, ebx, ecx, edx;
               ^
configure:17165: $? = 1
configure: program exited with status 1
configure: failed program was:
| /* confdefs.h */
| #define PACKAGE_NAME "openbts-public"
| #define PACKAGE_TARNAME "openbts-public"
| #define PACKAGE_VERSION "TRUNK"
| #define PACKAGE_STRING "openbts-public TRUNK"
| #define PACKAGE_BUGREPORT ""
| #define PACKAGE_URL ""
| #define PACKAGE "openbts-public"
| #define VERSION "TRUNK"
| #define STDC_HEADERS 1
| #define HAVE_SYS_TYPES_H 1
| #define HAVE_SYS_STAT_H 1
| #define HAVE_STDLIB_H 1
| #define HAVE_STRING_H 1
| #define HAVE_MEMORY_H 1
| #define HAVE_STRINGS_H 1
| #define HAVE_INTTYPES_H 1
| #define HAVE_STDINT_H 1
| #define HAVE_UNISTD_H 1
| #define HAVE_DLFCN_H 1
| #define LT_OBJDIR ".libs/"
| #define STDC_HEADERS 1
| #define HAVE_BYTESWAP_H 1
| #define TIME_WITH_SYS_TIME 1
| /* end confdefs.h.  */
| #include <stdio.h>
| int
| main ()
| {
| 
|      int op = , eax, ebx, ecx, edx;
|      FILE *f;
|       __asm__("cpuid"
|         : "=a" (eax), "=b" (ebx), "=c" (ecx), "=d" (edx)
|         : "a" (op));
|      f = fopen("conftest_cpuid", "w"); if (!f) return 1;
|      fprintf(f, "%x:%x:%x:%x\n", eax, ebx, ecx, edx);
|      fclose(f);
|      return 0;
| 
|   ;
|   return 0;
| }
configure:17175: result: unknown
configure:17191: checking for x86-AVX xgetbv  output
configure:17221: gcc -o conftest -g -O2   conftest.c  >&5
conftest.c: In function 'main':
conftest.c:31:15: error: expected expression before ',' token
      int op = , eax, edx;
               ^
configure:17221: $? = 1
configure: program exited with status 1
configure: failed program was:
| /* confdefs.h */
| #define PACKAGE_NAME "openbts-public"
| #define PACKAGE_TARNAME "openbts-public"
| #define PACKAGE_VERSION "TRUNK"
| #define PACKAGE_STRING "openbts-public TRUNK"
| #define PACKAGE_BUGREPORT ""
| #define PACKAGE_URL ""
| #define PACKAGE "openbts-public"
| #define VERSION "TRUNK"
| #define STDC_HEADERS 1
| #define HAVE_SYS_TYPES_H 1
| #define HAVE_SYS_STAT_H 1
| #define HAVE_STDLIB_H 1
| #define HAVE_STRING_H 1
| #define HAVE_MEMORY_H 1
| #define HAVE_STRINGS_H 1
| #define HAVE_INTTYPES_H 1
| #define HAVE_STDINT_H 1
| #define HAVE_UNISTD_H 1
| #define HAVE_DLFCN_H 1
| #define LT_OBJDIR ".libs/"
| #define STDC_HEADERS 1
| #define HAVE_BYTESWAP_H 1
| #define TIME_WITH_SYS_TIME 1
| /* end confdefs.h.  */
| #include <stdio.h>
| int
| main ()
| {
| 
|      int op = , eax, edx;
|      FILE *f;
|       /* Opcodes for xgetbv */
|       __asm__(".byte 0x0f, 0x01, 0xd0"
|         : "=a" (eax), "=d" (edx)
|         : "c" (op));
|      f = fopen("conftest_xgetbv", "w"); if (!f) return 1;
|      fprintf(f, "%x:%x\n", eax, edx);
|      fclose(f);
|      return 0;
| 
|   ;
|   return 0;
| }
configure:17231: result: unknown
configure:18878: checking for LIBUSB
configure:18886: $PKG_CONFIG --exists --print-errors "libusb-1.0"
configure:18889: $? = 0
configure:18926: $PKG_CONFIG --exists --print-errors "libusb-1.0"
configure:18929: $? = 0
configure:18946: $PKG_CONFIG --exists --print-errors "libusb-1.0"
configure:18949: $? = 0
configure:19016: result: yes
configure:19022: checking for gethostbyname_r
configure:19022: gcc -o conftest -g -O2   conftest.c  >&5
configure:19022: $? = 0
configure:19022: result: yes
configure:19029: checking for gethostbyname2_r
configure:19029: gcc -o conftest -g -O2   conftest.c  >&5
configure:19029: $? = 0
configure:19029: result: yes
configure:19148: checking that generated files are newer than configure
configure:19154: result: done
configure:19194: creating ./config.status

## ---------------------- ##
## Running config.status. ##
## ---------------------- ##

This file was extended by openbts-public config.status TRUNK, which was
generated by GNU Autoconf 2.69.  Invocation command line was

  CONFIG_FILES    = 
  CONFIG_HEADERS  = 
  CONFIG_LINKS    = 
  CONFIG_COMMANDS = 
  $ ./config.status 

on cubic

config.status:1200: creating Makefile
config.status:1200: creating apps/Makefile
config.status:1200: creating config/Makefile
config.status:1200: creating doc/Makefile
config.status:1200: creating CommonLibs/Makefile
config.status:1200: creating Globals/Makefile
config.status:1200: creating Control/Makefile
config.status:1200: creating GSM/Makefile
config.status:1200: creating GPRS/Makefile
config.status:1200: creating SGSNGGSN/Makefile
config.status:1200: creating SIP/Makefile
config.status:1200: creating SMS/Makefile
config.status:1200: creating TransceiverRAD1/Makefile
config.status:1200: creating Transceiver52M/Makefile
config.status:1200: creating TRXManager/Makefile
config.status:1200: creating CLI/Makefile
config.status:1200: creating Peering/Makefile
config.status:1200: creating SR/Makefile
config.status:1200: creating sqlite3/Makefile
config.status:1200: creating config.h
config.status:1429: executing depfiles commands
config.status:1429: executing libtool commands

## ---------------- ##
## Cache variables. ##
## ---------------- ##

ac_cv_build=x86_64-pc-linux-gnu
ac_cv_c_bigendian=no
ac_cv_c_compiler_gnu=yes
ac_cv_c_const=yes
ac_cv_c_inline=inline
ac_cv_cxx_compiler_gnu=yes
ac_cv_env_CCASFLAGS_set=
ac_cv_env_CCASFLAGS_value=
ac_cv_env_CCAS_set=
ac_cv_env_CCAS_value=
ac_cv_env_CCC_set=
ac_cv_env_CCC_value=
ac_cv_env_CC_set=
ac_cv_env_CC_value=
ac_cv_env_CFLAGS_set=
ac_cv_env_CFLAGS_value=
ac_cv_env_CPPFLAGS_set=
ac_cv_env_CPPFLAGS_value=
ac_cv_env_CPP_set=
ac_cv_env_CPP_value=
ac_cv_env_CXXCPP_set=
ac_cv_env_CXXCPP_value=
ac_cv_env_CXXFLAGS_set=
ac_cv_env_CXXFLAGS_value=
ac_cv_env_CXX_set=
ac_cv_env_CXX_value=
ac_cv_env_LDFLAGS_set=
ac_cv_env_LDFLAGS_value=
ac_cv_env_LIBS_set=
ac_cv_env_LIBS_value=
ac_cv_env_LIBUSB_CFLAGS_set=
ac_cv_env_LIBUSB_CFLAGS_value=
ac_cv_env_LIBUSB_INCLUDEDIR_set=
ac_cv_env_LIBUSB_INCLUDEDIR_value=
ac_cv_env_LIBUSB_LIBS_set=
ac_cv_env_LIBUSB_LIBS_value=
ac_cv_env_LT_SYS_LIBRARY_PATH_set=
ac_cv_env_LT_SYS_LIBRARY_PATH_value=
ac_cv_env_PKG_CONFIG_set=
ac_cv_env_PKG_CONFIG_value=
ac_cv_env_UHD_CFLAGS_set=
ac_cv_env_UHD_CFLAGS_value=
ac_cv_env_UHD_INCLUDEDIR_set=
ac_cv_env_UHD_INCLUDEDIR_value=
ac_cv_env_UHD_LIBS_set=
ac_cv_env_UHD_LIBS_value=
ac_cv_env_USRP_CFLAGS_set=
ac_cv_env_USRP_CFLAGS_value=
ac_cv_env_USRP_INCLUDEDIR_set=
ac_cv_env_USRP_INCLUDEDIR_value=
ac_cv_env_USRP_LIBS_set=
ac_cv_env_USRP_LIBS_value=
ac_cv_env_build_alias_set=
ac_cv_env_build_alias_value=
ac_cv_env_host_alias_set=
ac_cv_env_host_alias_value=
ac_cv_env_target_alias_set=
ac_cv_env_target_alias_value=
ac_cv_func_gethostbyname2_r=yes
ac_cv_func_gethostbyname_r=yes
ac_cv_header_byteswap_h=yes
ac_cv_header_dlfcn_h=yes
ac_cv_header_inttypes_h=yes
ac_cv_header_memory_h=yes
ac_cv_header_stdc=yes
ac_cv_header_stdint_h=yes
ac_cv_header_stdlib_h=yes
ac_cv_header_string_h=yes
ac_cv_header_strings_h=yes
ac_cv_header_sys_stat_h=yes
ac_cv_header_sys_types_h=yes
ac_cv_header_time=yes
ac_cv_header_unistd_h=yes
ac_cv_host=x86_64-pc-linux-gnu
ac_cv_objext=o
ac_cv_path_EGREP='/bin/grep -E'
ac_cv_path_FGREP='/bin/grep -F'
ac_cv_path_GREP=/bin/grep
ac_cv_path_RM_PROG=/bin/rm
ac_cv_path_SED=/bin/sed
ac_cv_path_ac_pt_PKG_CONFIG=/usr/bin/pkg-config
ac_cv_path_install='/usr/bin/install -c'
ac_cv_path_lt_DD=/bin/dd
ac_cv_path_mkdir=/bin/mkdir
ac_cv_prog_AWK=mawk
ac_cv_prog_CPP='gcc -E'
ac_cv_prog_CXXCPP='g++ -E'
ac_cv_prog_ac_ct_AR=ar
ac_cv_prog_ac_ct_CC=gcc
ac_cv_prog_ac_ct_CXX=g++
ac_cv_prog_ac_ct_DLLTOOL=dlltool
ac_cv_prog_ac_ct_MANIFEST_TOOL=mt
ac_cv_prog_ac_ct_OBJDUMP=objdump
ac_cv_prog_ac_ct_RANLIB=ranlib
ac_cv_prog_ac_ct_STRIP=strip
ac_cv_prog_cc_c89=
ac_cv_prog_cc_g=yes
ac_cv_prog_cxx_g=yes
ac_cv_prog_make_make_set=yes
ac_cv_target=x86_64-pc-linux-gnu
ac_cv_type_size_t=yes
am_cv_CCAS_dependencies_compiler_type=gcc3
am_cv_CC_dependencies_compiler_type=gcc3
am_cv_CXX_dependencies_compiler_type=gcc3
am_cv_make_support_nested_variables=yes
am_cv_prog_cc_c_o=yes
ax_cv_gcc_x86_avx_xgetbv_=unknown
ax_cv_gcc_x86_cpuid_=unknown
lt_cv_ar_at_file=@
lt_cv_archive_cmds_need_lc=no
lt_cv_deplibs_check_method=pass_all
lt_cv_file_magic_cmd='$MAGIC_CMD'
lt_cv_file_magic_test_file=
lt_cv_ld_reload_flag=-r
lt_cv_nm_interface='BSD nm'
lt_cv_objdir=.libs
lt_cv_path_LD=/usr/bin/ld
lt_cv_path_LDCXX='/usr/bin/ld -m elf_x86_64'
lt_cv_path_NM='/usr/bin/nm -B'
lt_cv_path_mainfest_tool=no
lt_cv_prog_compiler_c_o=yes
lt_cv_prog_compiler_c_o_CXX=yes
lt_cv_prog_compiler_pic='-fPIC -DPIC'
lt_cv_prog_compiler_pic_CXX='-fPIC -DPIC'
lt_cv_prog_compiler_pic_works=yes
lt_cv_prog_compiler_pic_works_CXX=yes
lt_cv_prog_compiler_rtti_exceptions=no
lt_cv_prog_compiler_static_works=yes
lt_cv_prog_compiler_static_works_CXX=yes
lt_cv_prog_gnu_ld=yes
lt_cv_prog_gnu_ldcxx=yes
lt_cv_sharedlib_from_linklib_cmd='printf %s\n'
lt_cv_shlibpath_overrides_runpath=yes
lt_cv_sys_global_symbol_pipe='sed -n -e '\''s/^.*[	 ]\([ABCDGIRSTW][ABCDGIRSTW]*\)[	 ][	 ]*\([_A-Za-z][_A-Za-z0-9]*\)$/\1 \2 \2/p'\'' | sed '\''/ __gnu_lto/d'\'''
lt_cv_sys_global_symbol_to_c_name_address='sed -n -e '\''s/^: \(.*\) .*$/  {"\1", (void *) 0},/p'\'' -e '\''s/^[ABCDGIRSTW][ABCDGIRSTW]* .* \(.*\)$/  {"\1", (void *) \&\1},/p'\'''
lt_cv_sys_global_symbol_to_c_name_address_lib_prefix='sed -n -e '\''s/^: \(.*\) .*$/  {"\1", (void *) 0},/p'\'' -e '\''s/^[ABCDGIRSTW][ABCDGIRSTW]* .* \(lib.*\)$/  {"\1", (void *) \&\1},/p'\'' -e '\''s/^[ABCDGIRSTW][ABCDGIRSTW]* .* \(.*\)$/  {"lib\1", (void *) \&\1},/p'\'''
lt_cv_sys_global_symbol_to_cdecl='sed -n -e '\''s/^T .* \(.*\)$/extern int \1();/p'\'' -e '\''s/^[ABCDGIRSTW][ABCDGIRSTW]* .* \(.*\)$/extern char \1;/p'\'''
lt_cv_sys_global_symbol_to_import=
lt_cv_sys_max_cmd_len=1572864
lt_cv_to_host_file_cmd=func_convert_file_noop
lt_cv_to_tool_file_cmd=func_convert_file_noop
lt_cv_truncate_bin='/bin/dd bs=4096 count=1'
pkg_cv_LIBUSB_CFLAGS=-I/usr/include/libusb-1.0
pkg_cv_LIBUSB_CPPFLAGS=' -I/usr/include/libusb-1.0'
pkg_cv_LIBUSB_INCLUDEDIR=/usr/include
pkg_cv_LIBUSB_LIBS='-lusb-1.0 -ludev -pthread'

## ----------------- ##
## Output variables. ##
## ----------------- ##

ACLOCAL='${SHELL} /root/OpenBTS/openbts/trunk/missing aclocal-1.15'
AMDEPBACKSLASH='\'
AMDEP_FALSE='#'
AMDEP_TRUE=''
AMTAR='$${TAR-tar}'
AM_BACKSLASH='\'
AM_DEFAULT_V='$(AM_DEFAULT_VERBOSITY)'
AM_DEFAULT_VERBOSITY='1'
AM_V='$(V)'
AR='ar'
AS='as'
AUTOCONF='${SHELL} /root/OpenBTS/openbts/trunk/missing autoconf'
AUTOHEADER='${SHELL} /root/OpenBTS/openbts/trunk/missing autoheader'
AUTOMAKE='${SHELL} /root/OpenBTS/openbts/trunk/missing automake-1.15'
AWK='mawk'
CC='gcc'
CCAS='gcc'
CCASDEPMODE='depmode=gcc3'
CCASFLAGS='-g -O2'
CCDEPMODE='depmode=gcc3'
CFLAGS='-g -O2'
CPP='gcc -E'
CPPFLAGS=''
CXX='g++'
CXXCPP='g++ -E'
CXXDEPMODE='depmode=gcc3'
CXXFLAGS='-g -O2'
CYGPATH_W='echo'
DEFS='-DHAVE_CONFIG_H'
DEPDIR='.deps'
DLLTOOL='dlltool'
DSYMUTIL=''
DUMPBIN=''
ECHO_C=''
ECHO_N='-n'
ECHO_T=''
EGREP='/bin/grep -E'
EXEEXT=''
FGREP='/bin/grep -F'
GREP='/bin/grep'
INSTALL_DATA='${INSTALL} -m 644'
INSTALL_PROGRAM='${INSTALL}'
INSTALL_SCRIPT='${INSTALL}'
INSTALL_STRIP_PROGRAM='$(install_sh) -c -s'
LD='/usr/bin/ld -m elf_x86_64'
LDFLAGS=''
LIBOBJS=''
LIBS=''
LIBTOOL='$(SHELL) $(top_builddir)/libtool'
LIBUSB_CFLAGS='-I/usr/include/libusb-1.0'
LIBUSB_CPPFLAGS=' -I/usr/include/libusb-1.0'
LIBUSB_INCLUDEDIR='/usr/include'
LIBUSB_LIBS='-lusb-1.0 -ludev -pthread'
LIPO=''
LN_S='ln -s'
LTLIBOBJS=''
LT_SYS_LIBRARY_PATH=''
MAKEINFO='${SHELL} /root/OpenBTS/openbts/trunk/missing makeinfo'
MANIFEST_TOOL=':'
MKDIR_P='/bin/mkdir -p'
NM='/usr/bin/nm -B'
NMEDIT=''
OBJDUMP='objdump'
OBJEXT='o'
OTOOL64=''
OTOOL=''
PACKAGE='openbts-public'
PACKAGE_BUGREPORT=''
PACKAGE_NAME='openbts-public'
PACKAGE_STRING='openbts-public TRUNK'
PACKAGE_TARNAME='openbts-public'
PACKAGE_URL=''
PACKAGE_VERSION='TRUNK'
PATH_SEPARATOR=':'
PKG_CONFIG='/usr/bin/pkg-config'
RANLIB='ranlib'
RM_PROG='/bin/rm'
SED='/bin/sed'
SET_MAKE=''
SHELL='/bin/bash'
SIMD_FLAGS=''
STRIP='strip'
UHD_CFLAGS=''
UHD_CPPFLAGS=''
UHD_FALSE=''
UHD_INCLUDEDIR=''
UHD_LIBS=''
UHD_TRUE='#'
USRP1_FALSE=''
USRP1_TRUE='#'
USRP_CFLAGS=''
USRP_CPPFLAGS=''
USRP_INCLUDEDIR=''
USRP_LIBS=''
VERSION='TRUNK'
ac_ct_AR='ar'
ac_ct_CC='gcc'
ac_ct_CXX='g++'
ac_ct_DUMPBIN=''
am__EXEEXT_FALSE=''
am__EXEEXT_TRUE='#'
am__fastdepCCAS_FALSE='#'
am__fastdepCCAS_TRUE=''
am__fastdepCC_FALSE='#'
am__fastdepCC_TRUE=''
am__fastdepCXX_FALSE='#'
am__fastdepCXX_TRUE=''
am__include='include'
am__isrc=''
am__leading_dot='.'
am__nodep='_no'
am__quote=''
am__tar='$${TAR-tar} chof - "$$tardir"'
am__untar='$${TAR-tar} xf -'
bindir='${exec_prefix}/bin'
build='x86_64-pc-linux-gnu'
build_alias=''
build_cpu='x86_64'
build_os='linux-gnu'
build_vendor='pc'
datadir='${datarootdir}'
datarootdir='${prefix}/share'
docdir='${datarootdir}/doc/${PACKAGE_TARNAME}'
dvidir='${docdir}'
exec_prefix='${prefix}'
host='x86_64-pc-linux-gnu'
host_alias=''
host_cpu='x86_64'
host_os='linux-gnu'
host_vendor='pc'
htmldir='${docdir}'
includedir='${prefix}/include'
infodir='${datarootdir}/info'
install_sh='${SHELL} /root/OpenBTS/openbts/trunk/install-sh'
libdir='${exec_prefix}/lib'
libexecdir='${exec_prefix}/libexec'
localedir='${datarootdir}/locale'
localstatedir='${prefix}/var'
mandir='${datarootdir}/man'
mkdir_p='$(MKDIR_P)'
oldincludedir='/usr/include'
pdfdir='${docdir}'
prefix='/usr/local'
program_transform_name='s,x,x,'
psdir='${docdir}'
runstatedir='${localstatedir}/run'
sbindir='${exec_prefix}/sbin'
sharedstatedir='${prefix}/com'
sysconfdir='${prefix}/etc'
target='x86_64-pc-linux-gnu'
target_alias=''
target_cpu='x86_64'
target_os='linux-gnu'
target_vendor='pc'

## ----------- ##
## confdefs.h. ##
## ----------- ##

/* confdefs.h */
#define PACKAGE_NAME "openbts-public"
#define PACKAGE_TARNAME "openbts-public"
#define PACKAGE_VERSION "TRUNK"
#define PACKAGE_STRING "openbts-public TRUNK"
#define PACKAGE_BUGREPORT ""
#define PACKAGE_URL ""
#define PACKAGE "openbts-public"
#define VERSION "TRUNK"
#define STDC_HEADERS 1
#define HAVE_SYS_TYPES_H 1
#define HAVE_SYS_STAT_H 1
#define HAVE_STDLIB_H 1
#define HAVE_STRING_H 1
#define HAVE_MEMORY_H 1
#define HAVE_STRINGS_H 1
#define HAVE_INTTYPES_H 1
#define HAVE_STDINT_H 1
#define HAVE_UNISTD_H 1
#define HAVE_DLFCN_H 1
#define LT_OBJDIR ".libs/"
#define STDC_HEADERS 1
#define HAVE_BYTESWAP_H 1
#define TIME_WITH_SYS_TIME 1
#define HAVE_GETHOSTBYNAME_R 1
#define HAVE_GETHOSTBYNAME2_R 1

configure: exit 0
