This file contains any messages produced by compilers while
running configure, to aid debugging if configure makes a mistake.

It was created by smqueue configure TRUNK, which was
generated by GNU Autoconf 2.69.  Invocation command line was

  $ ./configure 

## --------- ##
## Platform. ##
## --------- ##

hostname = cubic
uname -m = x86_64
uname -r = 5.4.0-42-generic
uname -s = Linux
uname -v = #46~18.04.1-Ubuntu SMP Fri Jul 10 07:21:24 UTC 2020

/usr/bin/uname -p = unknown
/bin/uname -X     = unknown

/bin/arch              = unknown
/usr/bin/arch -k       = unknown
/usr/convex/getsysinfo = unknown
/usr/bin/hostinfo      = unknown
/bin/machine           = unknown
/usr/bin/oslevel       = unknown
/bin/universe          = unknown

PATH: /usr/local/sbin
PATH: /usr/local/bin
PATH: /usr/sbin
PATH: /usr/bin
PATH: /sbin
PATH: /bin
PATH: /snap/bin
PATH: /root/gnuarm/install/bin


## ----------- ##
## Core tests. ##
## ----------- ##

configure:2478: checking build system type
configure:2492: result: x86_64-pc-linux-gnu
configure:2512: checking host system type
configure:2525: result: x86_64-pc-linux-gnu
configure:2545: checking target system type
configure:2558: result: x86_64-pc-linux-gnu
configure:2601: checking for a BSD-compatible install
configure:2669: result: /usr/bin/install -c
configure:2680: checking whether build environment is sane
configure:2735: result: yes
configure:2886: checking for a thread-safe mkdir -p
configure:2925: result: /bin/mkdir -p
configure:2932: checking for gawk
configure:2962: result: no
configure:2932: checking for mawk
configure:2948: found /usr/bin/mawk
configure:2959: result: mawk
configure:2970: checking whether make sets $(MAKE)
configure:2992: result: yes
configure:3021: checking whether make supports nested variables
configure:3038: result: yes
configure:3177: checking for style of include used by make
configure:3205: result: GNU
configure:3276: checking for gcc
configure:3292: found /usr/bin/gcc
configure:3303: result: gcc
configure:3532: checking for C compiler version
configure:3541: gcc --version >&5
gcc (Ubuntu 7.5.0-3ubuntu1~18.04) 7.5.0
Copyright (C) 2017 Free Software Foundation, Inc.
This is free software; see the source for copying conditions.  There is NO
warranty; not even for MERCHANTABILITY or FITNESS FOR A PARTICULAR PURPOSE.

configure:3552: $? = 0
configure:3541: gcc -v >&5
Using built-in specs.
COLLECT_GCC=gcc
COLLECT_LTO_WRAPPER=/usr/lib/gcc/x86_64-linux-gnu/7/lto-wrapper
OFFLOAD_TARGET_NAMES=nvptx-none
OFFLOAD_TARGET_DEFAULT=1
Target: x86_64-linux-gnu
Configured with: ../src/configure -v --with-pkgversion='Ubuntu 7.5.0-3ubuntu1~18.04' --with-bugurl=file:///usr/share/doc/gcc-7/README.Bugs --enable-languages=c,ada,c++,go,brig,d,fortran,objc,obj-c++ --prefix=/usr --with-gcc-major-version-only --program-suffix=-7 --program-prefix=x86_64-linux-gnu- --enable-shared --enable-linker-build-id --libexecdir=/usr/lib --without-included-gettext --enable-threads=posix --libdir=/usr/lib --enable-nls --enable-bootstrap --enable-clocale=gnu --enable-libstdcxx-debug --enable-libstdcxx-time=yes --with-default-libstdcxx-abi=new --enable-gnu-unique-object --disable-vtable-verify --enable-libmpx --enable-plugin --enable-default-pie --with-system-zlib --with-target-system-zlib --enable-objc-gc=auto --enable-multiarch --disable-werror --with-arch-32=i686 --with-abi=m64 --with-multilib-list=m32,m64,mx32 --enable-multilib --with-tune=generic --enable-offload-targets=nvptx-none --without-cuda-driver --enable-checking=release --build=x86_64-linux-gnu --host=x86_64-linux-gnu --target=x86_64-linux-gnu
Thread model: posix
gcc version 7.5.0 (Ubuntu 7.5.0-3ubuntu1~18.04) 
configure:3552: $? = 0
configure:3541: gcc -V >&5
gcc: error: unrecognized command line option '-V'
gcc: fatal error: no input files
compilation terminated.
configure:3552: $? = 1
configure:3541: gcc -qversion >&5
gcc: error: unrecognized command line option '-qversion'; did you mean '--version'?
gcc: fatal error: no input files
compilation terminated.
configure:3552: $? = 1
configure:3572: checking whether the C compiler works
configure:3594: gcc    conftest.c  >&5
configure:3598: $? = 0
configure:3646: result: yes
configure:3649: checking for C compiler default output file name
configure:3651: result: a.out
configure:3657: checking for suffix of executables
configure:3664: gcc -o conftest    conftest.c  >&5
configure:3668: $? = 0
configure:3690: result: 
configure:3712: checking whether we are cross compiling
configure:3720: gcc -o conftest    conftest.c  >&5
configure:3724: $? = 0
configure:3731: ./conftest
configure:3735: $? = 0
configure:3750: result: no
configure:3755: checking for suffix of object files
configure:3777: gcc -c   conftest.c >&5
configure:3781: $? = 0
configure:3802: result: o
configure:3806: checking whether we are using the GNU C compiler
configure:3825: gcc -c   conftest.c >&5
configure:3825: $? = 0
configure:3834: result: yes
configure:3843: checking whether gcc accepts -g
configure:3863: gcc -c -g  conftest.c >&5
configure:3863: $? = 0
configure:3904: result: yes
configure:3921: checking for gcc option to accept ISO C89
configure:3984: gcc  -c -g -O2  conftest.c >&5
configure:3984: $? = 0
configure:3997: result: none needed
configure:4022: checking whether gcc understands -c and -o together
configure:4044: gcc -c conftest.c -o conftest2.o
configure:4047: $? = 0
configure:4044: gcc -c conftest.c -o conftest2.o
configure:4047: $? = 0
configure:4059: result: yes
configure:4078: checking dependency style of gcc
configure:4189: result: gcc3
configure:4213: checking dependency style of gcc
configure:4322: result: gcc3
configure:4395: checking for g++
configure:4411: found /usr/bin/g++
configure:4422: result: g++
configure:4449: checking for C++ compiler version
configure:4458: g++ --version >&5
g++ (Ubuntu 7.5.0-3ubuntu1~18.04) 7.5.0
Copyright (C) 2017 Free Software Foundation, Inc.
This is free software; see the source for copying conditions.  There is NO
warranty; not even for MERCHANTABILITY or FITNESS FOR A PARTICULAR PURPOSE.

configure:4469: $? = 0
configure:4458: g++ -v >&5
Using built-in specs.
COLLECT_GCC=g++
COLLECT_LTO_WRAPPER=/usr/lib/gcc/x86_64-linux-gnu/7/lto-wrapper
OFFLOAD_TARGET_NAMES=nvptx-none
OFFLOAD_TARGET_DEFAULT=1
Target: x86_64-linux-gnu
Configured with: ../src/configure -v --with-pkgversion='Ubuntu 7.5.0-3ubuntu1~18.04' --with-bugurl=file:///usr/share/doc/gcc-7/README.Bugs --enable-languages=c,ada,c++,go,brig,d,fortran,objc,obj-c++ --prefix=/usr --with-gcc-major-version-only --program-suffix=-7 --program-prefix=x86_64-linux-gnu- --enable-shared --enable-linker-build-id --libexecdir=/usr/lib --without-included-gettext --enable-threads=posix --libdir=/usr/lib --enable-nls --enable-bootstrap --enable-clocale=gnu --enable-libstdcxx-debug --enable-libstdcxx-time=yes --with-default-libstdcxx-abi=new --enable-gnu-unique-object --disable-vtable-verify --enable-libmpx --enable-plugin --enable-default-pie --with-system-zlib --with-target-system-zlib --enable-objc-gc=auto --enable-multiarch --disable-werror --with-arch-32=i686 --with-abi=m64 --with-multilib-list=m32,m64,mx32 --enable-multilib --with-tune=generic --enable-offload-targets=nvptx-none --without-cuda-driver --enable-checking=release --build=x86_64-linux-gnu --host=x86_64-linux-gnu --target=x86_64-linux-gnu
Thread model: posix
gcc version 7.5.0 (Ubuntu 7.5.0-3ubuntu1~18.04) 
configure:4469: $? = 0
configure:4458: g++ -V >&5
g++: error: unrecognized command line option '-V'
g++: fatal error: no input files
compilation terminated.
configure:4469: $? = 1
configure:4458: g++ -qversion >&5
g++: error: unrecognized command line option '-qversion'; did you mean '--version'?
g++: fatal error: no input files
compilation terminated.
configure:4469: $? = 1
configure:4473: checking whether we are using the GNU C++ compiler
configure:4492: g++ -c   conftest.cpp >&5
configure:4492: $? = 0
configure:4501: result: yes
configure:4510: checking whether g++ accepts -g
configure:4530: g++ -c -g  conftest.cpp >&5
configure:4530: $? = 0
configure:4571: result: yes
configure:4596: checking dependency style of g++
configure:4707: result: gcc3
configure:4722: checking whether ln -s works
configure:4726: result: yes
configure:4733: checking whether make sets $(MAKE)
configure:4755: result: yes
configure:4767: checking for rm
configure:4785: found /bin/rm
configure:4797: result: /bin/rm
configure:5215: checking how to print strings
configure:5242: result: printf
configure:5263: checking for a sed that does not truncate output
configure:5327: result: /bin/sed
configure:5345: checking for grep that handles long lines and -e
configure:5403: result: /bin/grep
configure:5408: checking for egrep
configure:5470: result: /bin/grep -E
configure:5475: checking for fgrep
configure:5537: result: /bin/grep -F
configure:5572: checking for ld used by gcc
configure:5639: result: /usr/bin/ld
configure:5646: checking if the linker (/usr/bin/ld) is GNU ld
configure:5661: result: yes
configure:5673: checking for BSD- or MS-compatible name lister (nm)
configure:5727: result: /usr/bin/nm -B
configure:5857: checking the name lister (/usr/bin/nm -B) interface
configure:5864: gcc -c -g -O2  conftest.c >&5
configure:5867: /usr/bin/nm -B "conftest.o"
configure:5870: output
0000000000000000 B some_variable
configure:5877: result: BSD nm
configure:5881: checking the maximum length of command line arguments
configure:6012: result: 1572864
configure:6060: checking how to convert x86_64-pc-linux-gnu file names to x86_64-pc-linux-gnu format
configure:6100: result: func_convert_file_noop
configure:6107: checking how to convert x86_64-pc-linux-gnu file names to toolchain format
configure:6127: result: func_convert_file_noop
configure:6134: checking for /usr/bin/ld option to reload object files
configure:6141: result: -r
configure:6215: checking for objdump
configure:6242: result: objdump
configure:6271: checking how to recognize dependent libraries
configure:6471: result: pass_all
configure:6556: checking for dlltool
configure:6583: result: dlltool
configure:6613: checking how to associate runtime and link libraries
configure:6640: result: printf %s\n
configure:6701: checking for ar
configure:6717: found /usr/bin/ar
configure:6728: result: ar
configure:6765: checking for archiver @FILE support
configure:6782: gcc -c -g -O2  conftest.c >&5
configure:6782: $? = 0
configure:6785: ar cru libconftest.a @conftest.lst >&5
ar: `u' modifier ignored since `D' is the default (see `U')
configure:6788: $? = 0
configure:6793: ar cru libconftest.a @conftest.lst >&5
ar: `u' modifier ignored since `D' is the default (see `U')
ar: conftest.o: No such file or directory
configure:6796: $? = 1
configure:6808: result: @
configure:6866: checking for strip
configure:6882: found /usr/bin/strip
configure:6893: result: strip
configure:6965: checking for ranlib
configure:6981: found /usr/bin/ranlib
configure:6992: result: ranlib
configure:7094: checking command to parse /usr/bin/nm -B output from gcc object
configure:7247: gcc -c -g -O2  conftest.c >&5
configure:7250: $? = 0
configure:7254: /usr/bin/nm -B conftest.o \| sed -n -e 's/^.*[ ]\([ABCDGIRSTW][ABCDGIRSTW]*\)[ ][ ]*\([_A-Za-z][_A-Za-z0-9]*\)$/\1 \2 \2/p' | sed '/ __gnu_lto/d' \> conftest.nm
configure:7257: $? = 0
configure:7323: gcc -o conftest -g -O2   conftest.c conftstm.o >&5
configure:7326: $? = 0
configure:7364: result: ok
configure:7411: checking for sysroot
configure:7441: result: no
configure:7448: checking for a working dd
configure:7486: result: /bin/dd
configure:7490: checking how to truncate binary pipes
configure:7505: result: /bin/dd bs=4096 count=1
configure:7641: gcc -c -g -O2  conftest.c >&5
configure:7644: $? = 0
configure:7834: checking for mt
configure:7850: found /bin/mt
configure:7861: result: mt
configure:7884: checking if mt is a manifest tool
configure:7890: mt '-?'
configure:7898: result: no
configure:8575: checking how to run the C preprocessor
configure:8606: gcc -E  conftest.c
configure:8606: $? = 0
configure:8620: gcc -E  conftest.c
conftest.c:11:10: fatal error: ac_nonexistent.h: No such file or directory
 #include <ac_nonexistent.h>
          ^~~~~~~~~~~~~~~~~~
compilation terminated.
configure:8620: $? = 1
configure: failed program was:
| /* confdefs.h */
| #define PACKAGE_NAME "smqueue"
| #define PACKAGE_TARNAME "smqueue"
| #define PACKAGE_VERSION "TRUNK"
| #define PACKAGE_STRING "smqueue TRUNK"
| #define PACKAGE_BUGREPORT ""
| #define PACKAGE_URL ""
| #define PACKAGE "smqueue"
| #define VERSION "TRUNK"
| /* end confdefs.h.  */
| #include <ac_nonexistent.h>
configure:8645: result: gcc -E
configure:8665: gcc -E  conftest.c
configure:8665: $? = 0
configure:8679: gcc -E  conftest.c
conftest.c:11:10: fatal error: ac_nonexistent.h: No such file or directory
 #include <ac_nonexistent.h>
          ^~~~~~~~~~~~~~~~~~
compilation terminated.
configure:8679: $? = 1
configure: failed program was:
| /* confdefs.h */
| #define PACKAGE_NAME "smqueue"
| #define PACKAGE_TARNAME "smqueue"
| #define PACKAGE_VERSION "TRUNK"
| #define PACKAGE_STRING "smqueue TRUNK"
| #define PACKAGE_BUGREPORT ""
| #define PACKAGE_URL ""
| #define PACKAGE "smqueue"
| #define VERSION "TRUNK"
| /* end confdefs.h.  */
| #include <ac_nonexistent.h>
configure:8708: checking for ANSI C header files
configure:8728: gcc -c -g -O2  conftest.c >&5
configure:8728: $? = 0
configure:8801: gcc -o conftest -g -O2   conftest.c  >&5
configure:8801: $? = 0
configure:8801: ./conftest
configure:8801: $? = 0
configure:8812: result: yes
configure:8825: checking for sys/types.h
configure:8825: gcc -c -g -O2  conftest.c >&5
configure:8825: $? = 0
configure:8825: result: yes
configure:8825: checking for sys/stat.h
configure:8825: gcc -c -g -O2  conftest.c >&5
configure:8825: $? = 0
configure:8825: result: yes
configure:8825: checking for stdlib.h
configure:8825: gcc -c -g -O2  conftest.c >&5
configure:8825: $? = 0
configure:8825: result: yes
configure:8825: checking for string.h
configure:8825: gcc -c -g -O2  conftest.c >&5
configure:8825: $? = 0
configure:8825: result: yes
configure:8825: checking for memory.h
configure:8825: gcc -c -g -O2  conftest.c >&5
configure:8825: $? = 0
configure:8825: result: yes
configure:8825: checking for strings.h
configure:8825: gcc -c -g -O2  conftest.c >&5
configure:8825: $? = 0
configure:8825: result: yes
configure:8825: checking for inttypes.h
configure:8825: gcc -c -g -O2  conftest.c >&5
configure:8825: $? = 0
configure:8825: result: yes
configure:8825: checking for stdint.h
configure:8825: gcc -c -g -O2  conftest.c >&5
configure:8825: $? = 0
configure:8825: result: yes
configure:8825: checking for unistd.h
configure:8825: gcc -c -g -O2  conftest.c >&5
configure:8825: $? = 0
configure:8825: result: yes
configure:8839: checking for dlfcn.h
configure:8839: gcc -c -g -O2  conftest.c >&5
configure:8839: $? = 0
configure:8839: result: yes
configure:9044: checking for objdir
configure:9059: result: .libs
configure:9319: checking if gcc supports -fno-rtti -fno-exceptions
configure:9337: gcc -c -g -O2  -fno-rtti -fno-exceptions conftest.c >&5
cc1: warning: command line option '-fno-rtti' is valid for C++/ObjC++ but not for C
configure:9341: $? = 0
configure:9354: result: no
configure:9712: checking for gcc option to produce PIC
configure:9719: result: -fPIC -DPIC
configure:9727: checking if gcc PIC flag -fPIC -DPIC works
configure:9745: gcc -c -g -O2  -fPIC -DPIC -DPIC conftest.c >&5
configure:9749: $? = 0
configure:9762: result: yes
configure:9791: checking if gcc static flag -static works
configure:9819: result: yes
configure:9834: checking if gcc supports -c -o file.o
configure:9855: gcc -c -g -O2  -o out/conftest2.o conftest.c >&5
configure:9859: $? = 0
configure:9881: result: yes
configure:9889: checking if gcc supports -c -o file.o
configure:9936: result: yes
configure:9969: checking whether the gcc linker (/usr/bin/ld -m elf_x86_64) supports shared libraries
configure:11232: result: yes
configure:11269: checking whether -lc should be explicitly linked in
configure:11277: gcc -c -g -O2  conftest.c >&5
configure:11280: $? = 0
configure:11295: gcc -shared  -fPIC -DPIC conftest.o  -v -Wl,-soname -Wl,conftest -o conftest 2\>\&1 \| /bin/grep  -lc  \>/dev/null 2\>\&1
configure:11298: $? = 0
configure:11312: result: no
configure:11472: checking dynamic linker characteristics
configure:12053: gcc -o conftest -g -O2   -Wl,-rpath -Wl,/foo conftest.c  >&5
configure:12053: $? = 0
configure:12302: result: GNU/Linux ld.so
configure:12424: checking how to hardcode library paths into programs
configure:12449: result: immediate
configure:12997: checking whether stripping libraries is possible
configure:13002: result: yes
configure:13037: checking if libtool supports shared libraries
configure:13039: result: yes
configure:13042: checking whether to build shared libraries
configure:13067: result: yes
configure:13070: checking whether to build static libraries
configure:13074: result: no
configure:13097: checking how to run the C++ preprocessor
configure:13124: g++ -E  conftest.cpp
configure:13124: $? = 0
configure:13138: g++ -E  conftest.cpp
conftest.cpp:23:10: fatal error: ac_nonexistent.h: No such file or directory
 #include <ac_nonexistent.h>
          ^~~~~~~~~~~~~~~~~~
compilation terminated.
configure:13138: $? = 1
configure: failed program was:
| /* confdefs.h */
| #define PACKAGE_NAME "smqueue"
| #define PACKAGE_TARNAME "smqueue"
| #define PACKAGE_VERSION "TRUNK"
| #define PACKAGE_STRING "smqueue TRUNK"
| #define PACKAGE_BUGREPORT ""
| #define PACKAGE_URL ""
| #define PACKAGE "smqueue"
| #define VERSION "TRUNK"
| #define STDC_HEADERS 1
| #define HAVE_SYS_TYPES_H 1
| #define HAVE_SYS_STAT_H 1
| #define HAVE_STDLIB_H 1
| #define HAVE_STRING_H 1
| #define HAVE_MEMORY_H 1
| #define HAVE_STRINGS_H 1
| #define HAVE_INTTYPES_H 1
| #define HAVE_STDINT_H 1
| #define HAVE_UNISTD_H 1
| #define HAVE_DLFCN_H 1
| #define LT_OBJDIR ".libs/"
| /* end confdefs.h.  */
| #include <ac_nonexistent.h>
configure:13163: result: g++ -E
configure:13183: g++ -E  conftest.cpp
configure:13183: $? = 0
configure:13197: g++ -E  conftest.cpp
conftest.cpp:23:10: fatal error: ac_nonexistent.h: No such file or directory
 #include <ac_nonexistent.h>
          ^~~~~~~~~~~~~~~~~~
compilation terminated.
configure:13197: $? = 1
configure: failed program was:
| /* confdefs.h */
| #define PACKAGE_NAME "smqueue"
| #define PACKAGE_TARNAME "smqueue"
| #define PACKAGE_VERSION "TRUNK"
| #define PACKAGE_STRING "smqueue TRUNK"
| #define PACKAGE_BUGREPORT ""
| #define PACKAGE_URL ""
| #define PACKAGE "smqueue"
| #define VERSION "TRUNK"
| #define STDC_HEADERS 1
| #define HAVE_SYS_TYPES_H 1
| #define HAVE_SYS_STAT_H 1
| #define HAVE_STDLIB_H 1
| #define HAVE_STRING_H 1
| #define HAVE_MEMORY_H 1
| #define HAVE_STRINGS_H 1
| #define HAVE_INTTYPES_H 1
| #define HAVE_STDINT_H 1
| #define HAVE_UNISTD_H 1
| #define HAVE_DLFCN_H 1
| #define LT_OBJDIR ".libs/"
| /* end confdefs.h.  */
| #include <ac_nonexistent.h>
configure:13359: checking for ld used by g++
configure:13426: result: /usr/bin/ld -m elf_x86_64
configure:13433: checking if the linker (/usr/bin/ld -m elf_x86_64) is GNU ld
configure:13448: result: yes
configure:13503: checking whether the g++ linker (/usr/bin/ld -m elf_x86_64) supports shared libraries
configure:14576: result: yes
configure:14612: g++ -c -g -O2  conftest.cpp >&5
configure:14615: $? = 0
configure:15096: checking for g++ option to produce PIC
configure:15103: result: -fPIC -DPIC
configure:15111: checking if g++ PIC flag -fPIC -DPIC works
configure:15129: g++ -c -g -O2  -fPIC -DPIC -DPIC conftest.cpp >&5
configure:15133: $? = 0
configure:15146: result: yes
configure:15169: checking if g++ static flag -static works
configure:15197: result: yes
configure:15209: checking if g++ supports -c -o file.o
configure:15230: g++ -c -g -O2  -o out/conftest2.o conftest.cpp >&5
configure:15234: $? = 0
configure:15256: result: yes
configure:15261: checking if g++ supports -c -o file.o
configure:15308: result: yes
configure:15338: checking whether the g++ linker (/usr/bin/ld -m elf_x86_64) supports shared libraries
configure:15381: result: yes
configure:15522: checking dynamic linker characteristics
configure:16279: result: GNU/Linux ld.so
configure:16344: checking how to hardcode library paths into programs
configure:16369: result: immediate
configure:16431: checking for ANSI C header files
configure:16535: result: yes
configure:16545: checking byteswap.h usability
configure:16545: gcc -c -g -O2  conftest.c >&5
configure:16545: $? = 0
configure:16545: result: yes
configure:16545: checking byteswap.h presence
configure:16545: gcc -E  conftest.c
configure:16545: $? = 0
configure:16545: result: yes
configure:16545: checking for byteswap.h
configure:16545: result: yes
configure:16556: checking for an ANSI C-conforming const
configure:16622: gcc -c -g -O2  conftest.c >&5
configure:16622: $? = 0
configure:16629: result: yes
configure:16637: checking for inline
configure:16653: gcc -c -g -O2  conftest.c >&5
configure:16653: $? = 0
configure:16661: result: inline
configure:16679: checking for size_t
configure:16679: gcc -c -g -O2  conftest.c >&5
configure:16679: $? = 0
configure:16679: gcc -c -g -O2  conftest.c >&5
conftest.c: In function 'main':
conftest.c:61:21: error: expected expression before ')' token
 if (sizeof ((size_t)))
                     ^
configure:16679: $? = 1
configure: failed program was:
| /* confdefs.h */
| #define PACKAGE_NAME "smqueue"
| #define PACKAGE_TARNAME "smqueue"
| #define PACKAGE_VERSION "TRUNK"
| #define PACKAGE_STRING "smqueue TRUNK"
| #define PACKAGE_BUGREPORT ""
| #define PACKAGE_URL ""
| #define PACKAGE "smqueue"
| #define VERSION "TRUNK"
| #define STDC_HEADERS 1
| #define HAVE_SYS_TYPES_H 1
| #define HAVE_SYS_STAT_H 1
| #define HAVE_STDLIB_H 1
| #define HAVE_STRING_H 1
| #define HAVE_MEMORY_H 1
| #define HAVE_STRINGS_H 1
| #define HAVE_INTTYPES_H 1
| #define HAVE_STDINT_H 1
| #define HAVE_UNISTD_H 1
| #define HAVE_DLFCN_H 1
| #define LT_OBJDIR ".libs/"
| #define STDC_HEADERS 1
| #define HAVE_BYTESWAP_H 1
| /* end confdefs.h.  */
| #include <stdio.h>
| #ifdef HAVE_SYS_TYPES_H
| # include <sys/types.h>
| #endif
| #ifdef HAVE_SYS_STAT_H
| # include <sys/stat.h>
| #endif
| #ifdef STDC_HEADERS
| # include <stdlib.h>
| # include <stddef.h>
| #else
| # ifdef HAVE_STDLIB_H
| #  include <stdlib.h>
| # endif
| #endif
| #ifdef HAVE_STRING_H
| # if !defined STDC_HEADERS && defined HAVE_MEMORY_H
| #  include <memory.h>
| # endif
| # include <string.h>
| #endif
| #ifdef HAVE_STRINGS_H
| # include <strings.h>
| #endif
| #ifdef HAVE_INTTYPES_H
| # include <inttypes.h>
| #endif
| #ifdef HAVE_STDINT_H
| # include <stdint.h>
| #endif
| #ifdef HAVE_UNISTD_H
| # include <unistd.h>
| #endif
| int
| main ()
| {
| if (sizeof ((size_t)))
| 	    return 0;
|   ;
|   return 0;
| }
configure:16679: result: yes
configure:16690: checking whether time.h and sys/time.h may both be included
configure:16710: gcc -c -g -O2  conftest.c >&5
configure:16710: $? = 0
configure:16717: result: yes
configure:16725: checking whether byte ordering is bigendian
configure:16740: gcc -c -g -O2  conftest.c >&5
conftest.c:27:9: error: unknown type name 'not'
         not a universal capable compiler
         ^~~
conftest.c:27:15: error: expected '=', ',', ';', 'asm' or '__attribute__' before 'universal'
         not a universal capable compiler
               ^~~~~~~~~
conftest.c:27:15: error: unknown type name 'universal'
configure:16740: $? = 1
configure: failed program was:
| /* confdefs.h */
| #define PACKAGE_NAME "smqueue"
| #define PACKAGE_TARNAME "smqueue"
| #define PACKAGE_VERSION "TRUNK"
| #define PACKAGE_STRING "smqueue TRUNK"
| #define PACKAGE_BUGREPORT ""
| #define PACKAGE_URL ""
| #define PACKAGE "smqueue"
| #define VERSION "TRUNK"
| #define STDC_HEADERS 1
| #define HAVE_SYS_TYPES_H 1
| #define HAVE_SYS_STAT_H 1
| #define HAVE_STDLIB_H 1
| #define HAVE_STRING_H 1
| #define HAVE_MEMORY_H 1
| #define HAVE_STRINGS_H 1
| #define HAVE_INTTYPES_H 1
| #define HAVE_STDINT_H 1
| #define HAVE_UNISTD_H 1
| #define HAVE_DLFCN_H 1
| #define LT_OBJDIR ".libs/"
| #define STDC_HEADERS 1
| #define HAVE_BYTESWAP_H 1
| #define TIME_WITH_SYS_TIME 1
| /* end confdefs.h.  */
| #ifndef __APPLE_CC__
| 	       not a universal capable compiler
| 	     #endif
| 	     typedef int dummy;
| 
configure:16785: gcc -c -g -O2  conftest.c >&5
configure:16785: $? = 0
configure:16803: gcc -c -g -O2  conftest.c >&5
conftest.c: In function 'main':
conftest.c:33:4: error: unknown type name 'not'; did you mean 'ino_t'?
    not big endian
    ^~~
    ino_t
conftest.c:33:12: error: expected '=', ',', ';', 'asm' or '__attribute__' before 'endian'
    not big endian
            ^~~~~~
configure:16803: $? = 1
configure: failed program was:
| /* confdefs.h */
| #define PACKAGE_NAME "smqueue"
| #define PACKAGE_TARNAME "smqueue"
| #define PACKAGE_VERSION "TRUNK"
| #define PACKAGE_STRING "smqueue TRUNK"
| #define PACKAGE_BUGREPORT ""
| #define PACKAGE_URL ""
| #define PACKAGE "smqueue"
| #define VERSION "TRUNK"
| #define STDC_HEADERS 1
| #define HAVE_SYS_TYPES_H 1
| #define HAVE_SYS_STAT_H 1
| #define HAVE_STDLIB_H 1
| #define HAVE_STRING_H 1
| #define HAVE_MEMORY_H 1
| #define HAVE_STRINGS_H 1
| #define HAVE_INTTYPES_H 1
| #define HAVE_STDINT_H 1
| #define HAVE_UNISTD_H 1
| #define HAVE_DLFCN_H 1
| #define LT_OBJDIR ".libs/"
| #define STDC_HEADERS 1
| #define HAVE_BYTESWAP_H 1
| #define TIME_WITH_SYS_TIME 1
| /* end confdefs.h.  */
| #include <sys/types.h>
| 		#include <sys/param.h>
| 
| int
| main ()
| {
| #if BYTE_ORDER != BIG_ENDIAN
| 		 not big endian
| 		#endif
| 
|   ;
|   return 0;
| }
configure:16931: result: no
configure:17006: checking for pkg-config
configure:17024: found /usr/bin/pkg-config
configure:17036: result: /usr/bin/pkg-config
configure:17061: checking pkg-config is at least version 0.9.0
configure:17064: result: yes
configure:17074: checking for OSIP
configure:17081: $PKG_CONFIG --exists --print-errors "libosip2"
configure:17084: $? = 0
configure:17098: $PKG_CONFIG --exists --print-errors "libosip2"
configure:17101: $? = 0
configure:17159: result: yes
configure:17165: checking for gethostbyname_r
configure:17165: gcc -o conftest -g -O2   conftest.c  >&5
configure:17165: $? = 0
configure:17165: result: yes
configure:17172: checking for gethostbyname2_r
configure:17172: gcc -o conftest -g -O2   conftest.c  >&5
configure:17172: $? = 0
configure:17172: result: yes
configure:17291: checking that generated files are newer than configure
configure:17297: result: done
configure:17329: creating ./config.status

## ---------------------- ##
## Running config.status. ##
## ---------------------- ##

This file was extended by smqueue config.status TRUNK, which was
generated by GNU Autoconf 2.69.  Invocation command line was

  CONFIG_FILES    = 
  CONFIG_HEADERS  = 
  CONFIG_LINKS    = 
  CONFIG_COMMANDS = 
  $ ./config.status 

on cubic

config.status:1180: creating Makefile
config.status:1180: creating config/Makefile
config.status:1180: creating doc/Makefile
config.status:1180: creating tools/Makefile
config.status:1180: creating CommonLibs/Makefile
config.status:1180: creating Globals/Makefile
config.status:1180: creating GSM/Makefile
config.status:1180: creating SMS/Makefile
config.status:1180: creating SR/Makefile
config.status:1180: creating sqlite3/Makefile
config.status:1180: creating smqueue/Makefile
config.status:1180: creating testing/Makefile
config.status:1180: creating config.h
config.status:1361: config.h is unchanged
config.status:1409: executing depfiles commands
config.status:1409: executing libtool commands

## ---------------- ##
## Cache variables. ##
## ---------------- ##

ac_cv_build=x86_64-pc-linux-gnu
ac_cv_c_bigendian=no
ac_cv_c_compiler_gnu=yes
ac_cv_c_const=yes
ac_cv_c_inline=inline
ac_cv_cxx_compiler_gnu=yes
ac_cv_env_CCASFLAGS_set=
ac_cv_env_CCASFLAGS_value=
ac_cv_env_CCAS_set=
ac_cv_env_CCAS_value=
ac_cv_env_CCC_set=
ac_cv_env_CCC_value=
ac_cv_env_CC_set=
ac_cv_env_CC_value=
ac_cv_env_CFLAGS_set=
ac_cv_env_CFLAGS_value=
ac_cv_env_CPPFLAGS_set=
ac_cv_env_CPPFLAGS_value=
ac_cv_env_CPP_set=
ac_cv_env_CPP_value=
ac_cv_env_CXXCPP_set=
ac_cv_env_CXXCPP_value=
ac_cv_env_CXXFLAGS_set=
ac_cv_env_CXXFLAGS_value=
ac_cv_env_CXX_set=
ac_cv_env_CXX_value=
ac_cv_env_LDFLAGS_set=
ac_cv_env_LDFLAGS_value=
ac_cv_env_LIBS_set=
ac_cv_env_LIBS_value=
ac_cv_env_LT_SYS_LIBRARY_PATH_set=
ac_cv_env_LT_SYS_LIBRARY_PATH_value=
ac_cv_env_OSIP_CFLAGS_set=
ac_cv_env_OSIP_CFLAGS_value=
ac_cv_env_OSIP_LIBS_set=
ac_cv_env_OSIP_LIBS_value=
ac_cv_env_PKG_CONFIG_LIBDIR_set=
ac_cv_env_PKG_CONFIG_LIBDIR_value=
ac_cv_env_PKG_CONFIG_PATH_set=
ac_cv_env_PKG_CONFIG_PATH_value=
ac_cv_env_PKG_CONFIG_set=
ac_cv_env_PKG_CONFIG_value=
ac_cv_env_build_alias_set=
ac_cv_env_build_alias_value=
ac_cv_env_host_alias_set=
ac_cv_env_host_alias_value=
ac_cv_env_target_alias_set=
ac_cv_env_target_alias_value=
ac_cv_func_gethostbyname2_r=yes
ac_cv_func_gethostbyname_r=yes
ac_cv_header_byteswap_h=yes
ac_cv_header_dlfcn_h=yes
ac_cv_header_inttypes_h=yes
ac_cv_header_memory_h=yes
ac_cv_header_stdc=yes
ac_cv_header_stdint_h=yes
ac_cv_header_stdlib_h=yes
ac_cv_header_string_h=yes
ac_cv_header_strings_h=yes
ac_cv_header_sys_stat_h=yes
ac_cv_header_sys_types_h=yes
ac_cv_header_time=yes
ac_cv_header_unistd_h=yes
ac_cv_host=x86_64-pc-linux-gnu
ac_cv_objext=o
ac_cv_path_EGREP='/bin/grep -E'
ac_cv_path_FGREP='/bin/grep -F'
ac_cv_path_GREP=/bin/grep
ac_cv_path_RM_PROG=/bin/rm
ac_cv_path_SED=/bin/sed
ac_cv_path_ac_pt_PKG_CONFIG=/usr/bin/pkg-config
ac_cv_path_install='/usr/bin/install -c'
ac_cv_path_lt_DD=/bin/dd
ac_cv_path_mkdir=/bin/mkdir
ac_cv_prog_AWK=mawk
ac_cv_prog_CPP='gcc -E'
ac_cv_prog_CXXCPP='g++ -E'
ac_cv_prog_ac_ct_AR=ar
ac_cv_prog_ac_ct_CC=gcc
ac_cv_prog_ac_ct_CXX=g++
ac_cv_prog_ac_ct_DLLTOOL=dlltool
ac_cv_prog_ac_ct_MANIFEST_TOOL=mt
ac_cv_prog_ac_ct_OBJDUMP=objdump
ac_cv_prog_ac_ct_RANLIB=ranlib
ac_cv_prog_ac_ct_STRIP=strip
ac_cv_prog_cc_c89=
ac_cv_prog_cc_g=yes
ac_cv_prog_cxx_g=yes
ac_cv_prog_make_make_set=yes
ac_cv_target=x86_64-pc-linux-gnu
ac_cv_type_size_t=yes
am_cv_CCAS_dependencies_compiler_type=gcc3
am_cv_CC_dependencies_compiler_type=gcc3
am_cv_CXX_dependencies_compiler_type=gcc3
am_cv_make_support_nested_variables=yes
am_cv_prog_cc_c_o=yes
lt_cv_ar_at_file=@
lt_cv_archive_cmds_need_lc=no
lt_cv_deplibs_check_method=pass_all
lt_cv_file_magic_cmd='$MAGIC_CMD'
lt_cv_file_magic_test_file=
lt_cv_ld_reload_flag=-r
lt_cv_nm_interface='BSD nm'
lt_cv_objdir=.libs
lt_cv_path_LD=/usr/bin/ld
lt_cv_path_LDCXX='/usr/bin/ld -m elf_x86_64'
lt_cv_path_NM='/usr/bin/nm -B'
lt_cv_path_mainfest_tool=no
lt_cv_prog_compiler_c_o=yes
lt_cv_prog_compiler_c_o_CXX=yes
lt_cv_prog_compiler_pic='-fPIC -DPIC'
lt_cv_prog_compiler_pic_CXX='-fPIC -DPIC'
lt_cv_prog_compiler_pic_works=yes
lt_cv_prog_compiler_pic_works_CXX=yes
lt_cv_prog_compiler_rtti_exceptions=no
lt_cv_prog_compiler_static_works=yes
lt_cv_prog_compiler_static_works_CXX=yes
lt_cv_prog_gnu_ld=yes
lt_cv_prog_gnu_ldcxx=yes
lt_cv_sharedlib_from_linklib_cmd='printf %s\n'
lt_cv_shlibpath_overrides_runpath=yes
lt_cv_sys_global_symbol_pipe='sed -n -e '\''s/^.*[	 ]\([ABCDGIRSTW][ABCDGIRSTW]*\)[	 ][	 ]*\([_A-Za-z][_A-Za-z0-9]*\)$/\1 \2 \2/p'\'' | sed '\''/ __gnu_lto/d'\'''
lt_cv_sys_global_symbol_to_c_name_address='sed -n -e '\''s/^: \(.*\) .*$/  {"\1", (void *) 0},/p'\'' -e '\''s/^[ABCDGIRSTW][ABCDGIRSTW]* .* \(.*\)$/  {"\1", (void *) \&\1},/p'\'''
lt_cv_sys_global_symbol_to_c_name_address_lib_prefix='sed -n -e '\''s/^: \(.*\) .*$/  {"\1", (void *) 0},/p'\'' -e '\''s/^[ABCDGIRSTW][ABCDGIRSTW]* .* \(lib.*\)$/  {"\1", (void *) \&\1},/p'\'' -e '\''s/^[ABCDGIRSTW][ABCDGIRSTW]* .* \(.*\)$/  {"lib\1", (void *) \&\1},/p'\'''
lt_cv_sys_global_symbol_to_cdecl='sed -n -e '\''s/^T .* \(.*\)$/extern int \1();/p'\'' -e '\''s/^[ABCDGIRSTW][ABCDGIRSTW]* .* \(.*\)$/extern char \1;/p'\'''
lt_cv_sys_global_symbol_to_import=
lt_cv_sys_max_cmd_len=1572864
lt_cv_to_host_file_cmd=func_convert_file_noop
lt_cv_to_tool_file_cmd=func_convert_file_noop
lt_cv_truncate_bin='/bin/dd bs=4096 count=1'
pkg_cv_OSIP_CFLAGS=-DHAVE_PTHREAD
pkg_cv_OSIP_LIBS='-losipparser2 -losip2'

## ----------------- ##
## Output variables. ##
## ----------------- ##

ACLOCAL='${SHELL} /root/OpenBTS/smqueue/trunk/missing aclocal-1.15'
AMDEPBACKSLASH='\'
AMDEP_FALSE='#'
AMDEP_TRUE=''
AMTAR='$${TAR-tar}'
AM_BACKSLASH='\'
AM_DEFAULT_V='$(AM_DEFAULT_VERBOSITY)'
AM_DEFAULT_VERBOSITY='1'
AM_V='$(V)'
AR='ar'
AS='as'
AUTOCONF='${SHELL} /root/OpenBTS/smqueue/trunk/missing autoconf'
AUTOHEADER='${SHELL} /root/OpenBTS/smqueue/trunk/missing autoheader'
AUTOMAKE='${SHELL} /root/OpenBTS/smqueue/trunk/missing automake-1.15'
AWK='mawk'
CC='gcc'
CCAS='gcc'
CCASDEPMODE='depmode=gcc3'
CCASFLAGS='-g -O2'
CCDEPMODE='depmode=gcc3'
CFLAGS='-g -O2'
CPP='gcc -E'
CPPFLAGS=''
CXX='g++'
CXXCPP='g++ -E'
CXXDEPMODE='depmode=gcc3'
CXXFLAGS='-g -O2'
CYGPATH_W='echo'
DEFS='-DHAVE_CONFIG_H'
DEPDIR='.deps'
DLLTOOL='dlltool'
DSYMUTIL=''
DUMPBIN=''
ECHO_C=''
ECHO_N='-n'
ECHO_T=''
EGREP='/bin/grep -E'
EXEEXT=''
FGREP='/bin/grep -F'
GREP='/bin/grep'
INSTALL_DATA='${INSTALL} -m 644'
INSTALL_PROGRAM='${INSTALL}'
INSTALL_SCRIPT='${INSTALL}'
INSTALL_STRIP_PROGRAM='$(install_sh) -c -s'
LD='/usr/bin/ld -m elf_x86_64'
LDFLAGS=''
LIBOBJS=''
LIBS=''
LIBTOOL='$(SHELL) $(top_builddir)/libtool'
LIPO=''
LN_S='ln -s'
LTLIBOBJS=''
LT_SYS_LIBRARY_PATH=''
MAKEINFO='${SHELL} /root/OpenBTS/smqueue/trunk/missing makeinfo'
MANIFEST_TOOL=':'
MKDIR_P='/bin/mkdir -p'
NM='/usr/bin/nm -B'
NMEDIT=''
OBJDUMP='objdump'
OBJEXT='o'
OSIP_CFLAGS='-DHAVE_PTHREAD'
OSIP_LIBS='-losipparser2 -losip2'
OTOOL64=''
OTOOL=''
PACKAGE='smqueue'
PACKAGE_BUGREPORT=''
PACKAGE_NAME='smqueue'
PACKAGE_STRING='smqueue TRUNK'
PACKAGE_TARNAME='smqueue'
PACKAGE_URL=''
PACKAGE_VERSION='TRUNK'
PATH_SEPARATOR=':'
PKG_CONFIG='/usr/bin/pkg-config'
PKG_CONFIG_LIBDIR=''
PKG_CONFIG_PATH=''
RANLIB='ranlib'
RM_PROG='/bin/rm'
SED='/bin/sed'
SET_MAKE=''
SHELL='/bin/bash'
STRIP='strip'
VERSION='TRUNK'
ac_ct_AR='ar'
ac_ct_CC='gcc'
ac_ct_CXX='g++'
ac_ct_DUMPBIN=''
am__EXEEXT_FALSE=''
am__EXEEXT_TRUE='#'
am__fastdepCCAS_FALSE='#'
am__fastdepCCAS_TRUE=''
am__fastdepCC_FALSE='#'
am__fastdepCC_TRUE=''
am__fastdepCXX_FALSE='#'
am__fastdepCXX_TRUE=''
am__include='include'
am__isrc=''
am__leading_dot='.'
am__nodep='_no'
am__quote=''
am__tar='$${TAR-tar} chof - "$$tardir"'
am__untar='$${TAR-tar} xf -'
bindir='${exec_prefix}/bin'
build='x86_64-pc-linux-gnu'
build_alias=''
build_cpu='x86_64'
build_os='linux-gnu'
build_vendor='pc'
datadir='${datarootdir}'
datarootdir='${prefix}/share'
docdir='${datarootdir}/doc/${PACKAGE_TARNAME}'
dvidir='${docdir}'
exec_prefix='${prefix}'
host='x86_64-pc-linux-gnu'
host_alias=''
host_cpu='x86_64'
host_os='linux-gnu'
host_vendor='pc'
htmldir='${docdir}'
includedir='${prefix}/include'
infodir='${datarootdir}/info'
install_sh='${SHELL} /root/OpenBTS/smqueue/trunk/install-sh'
libdir='${exec_prefix}/lib'
libexecdir='${exec_prefix}/libexec'
localedir='${datarootdir}/locale'
localstatedir='${prefix}/var'
mandir='${datarootdir}/man'
mkdir_p='$(MKDIR_P)'
oldincludedir='/usr/include'
pdfdir='${docdir}'
prefix='/usr/local'
program_transform_name='s,x,x,'
psdir='${docdir}'
runstatedir='${localstatedir}/run'
sbindir='${exec_prefix}/sbin'
sharedstatedir='${prefix}/com'
sysconfdir='${prefix}/etc'
target='x86_64-pc-linux-gnu'
target_alias=''
target_cpu='x86_64'
target_os='linux-gnu'
target_vendor='pc'

## ----------- ##
## confdefs.h. ##
## ----------- ##

/* confdefs.h */
#define PACKAGE_NAME "smqueue"
#define PACKAGE_TARNAME "smqueue"
#define PACKAGE_VERSION "TRUNK"
#define PACKAGE_STRING "smqueue TRUNK"
#define PACKAGE_BUGREPORT ""
#define PACKAGE_URL ""
#define PACKAGE "smqueue"
#define VERSION "TRUNK"
#define STDC_HEADERS 1
#define HAVE_SYS_TYPES_H 1
#define HAVE_SYS_STAT_H 1
#define HAVE_STDLIB_H 1
#define HAVE_STRING_H 1
#define HAVE_MEMORY_H 1
#define HAVE_STRINGS_H 1
#define HAVE_INTTYPES_H 1
#define HAVE_STDINT_H 1
#define HAVE_UNISTD_H 1
#define HAVE_DLFCN_H 1
#define LT_OBJDIR ".libs/"
#define STDC_HEADERS 1
#define HAVE_BYTESWAP_H 1
#define TIME_WITH_SYS_TIME 1
#define HAVE_GETHOSTBYNAME_R 1
#define HAVE_GETHOSTBYNAME2_R 1

configure: exit 0
